1710685118512:help
1710685124887:aa
1710864173542:stacktrace
1710864209342:aa
1710864489487:stacktrace
1710864520294:aa
1710866493046:zz
1710866494830:aa
1710871681789:ai 1
1710872072622:aa
1710873038455:an New Author
1710873040571:aa
1711539333850:ab
1711539576499:ba
1711539581824:ab
1711539591513:bdel 9
1711539622281:ba
1711539624192:ab
1711539704162:bins NewBook_1 3 3
1711539708889:ab
1711539847388:bupd 10 NewBook_1 3 2
1711539850057:ab
1711545224568:bupd 9 NewBook 3 3
1711545228350:ab
1711615558195:aa
1711615593682:ab
1711616846447:acbbi 1
1711616861005:stacktrace
1711616946793:acbbi 1
1711616957238:acbbi 2
1711617704347:acbi 1
1711617790036:acbbi 1
1711625621281:ab
1711625750908:acbbi 1
1711625760329:acbi 1
1711625856628:acbbi 1
1711626430237:aa
1711626433987:ab
1711626441894:acci 1
1711626454661:acbbi 1
1711626497566:acbbi 2
